# JRE version: OpenJDK Runtime Environment (8.0_152-b01) (build 1.8.0_152-release-1024-b01)
# Java VM: OpenJDK 64-Bit Server VM (25.152-b01 mixed mode linux-amd64 compressed oops)
Heap:
 PSYoungGen      total 362496K, used 16023K [0x00000000e0000000, 0x00000000f8300000, 0x0000000100000000)
  eden space 328704K, 0% used [0x00000000e0000000,0x00000000e0000000,0x00000000f4100000)
  from space 33792K, 47% used [0x00000000f4100000,0x00000000f50a5fc8,0x00000000f6200000)
  to   space 32768K, 0% used [0x00000000f6300000,0x00000000f6300000,0x00000000f8300000)
 ParOldGen       total 107520K, used 51346K [0x00000000a0000000, 0x00000000a6900000, 0x00000000e0000000)
  object space 107520K, 47% used [0x00000000a0000000,0x00000000a32249e8,0x00000000a6900000)
 Metaspace       used 79512K, capacity 83156K, committed 83416K, reserved 1122304K
  class space    used 10328K, capacity 11167K, committed 11224K, reserved 1048576K
GC Heap History (10 events):
Event: 219.395 GC heap after
Heap after GC invocations=19 (full 3):
 PSYoungGen      total 256000K, used 26629K [0x00000000e0000000, 0x00000000f2b80000, 0x0000000100000000)
  eden space 228352K, 0% used [0x00000000e0000000,0x00000000e0000000,0x00000000edf00000)
  from space 27648K, 96% used [0x00000000efe00000,0x00000000f18016e8,0x00000000f1900000)
  to   space 31744K, 0% used [0x00000000edf00000,0x00000000edf00000,0x00000000efe00000)
 ParOldGen       total 107520K, used 44731K [0x00000000a0000000, 0x00000000a6900000, 0x00000000e0000000)
  object space 107520K, 41% used [0x00000000a0000000,0x00000000a2baef58,0x00000000a6900000)
 Metaspace       used 78437K, capacity 82044K, committed 82136K, reserved 1120256K
  class space    used 10312K, capacity 11135K, committed 11224K, reserved 1048576K
}
Event: 221.002 GC heap before
{Heap before GC invocations=20 (full 3):
 PSYoungGen      total 256000K, used 254981K [0x00000000e0000000, 0x00000000f2b80000, 0x0000000100000000)
  eden space 228352K, 100% used [0x00000000e0000000,0x00000000edf00000,0x00000000edf00000)
  from space 27648K, 96% used [0x00000000efe00000,0x00000000f18016e8,0x00000000f1900000)
  to   space 31744K, 0% used [0x00000000edf00000,0x00000000edf00000,0x00000000efe00000)
 ParOldGen       total 107520K, used 44731K [0x00000000a0000000, 0x00000000a6900000, 0x00000000e0000000)
  object space 107520K, 41% used [0x00000000a0000000,0x00000000a2baef58,0x00000000a6900000)
 Metaspace       used 78726K, capacity 82344K, committed 82648K, reserved 1120256K
  class space    used 10323K, capacity 11167K, committed 11224K, reserved 1048576K
Event: 221.095 GC heap after
Heap after GC invocations=20 (full 3):
 PSYoungGen      total 260096K, used 27682K [0x00000000e0000000, 0x00000000f5000000, 0x0000000100000000)
  eden space 228352K, 0% used [0x00000000e0000000,0x00000000e0000000,0x00000000edf00000)
  from space 31744K, 87% used [0x00000000edf00000,0x00000000efa08b88,0x00000000efe00000)
  to   space 35328K, 0% used [0x00000000f2d80000,0x00000000f2d80000,0x00000000f5000000)
 ParOldGen       total 107520K, used 44739K [0x00000000a0000000, 0x00000000a6900000, 0x00000000e0000000)
  object space 107520K, 41% used [0x00000000a0000000,0x00000000a2bb0f58,0x00000000a6900000)
 Metaspace       used 78726K, capacity 82344K, committed 82648K, reserved 1120256K
  class space    used 10323K, capacity 11167K, committed 11224K, reserved 1048576K
}
Event: 222.918 GC heap before
{Heap before GC invocations=21 (full 3):
 PSYoungGen      total 260096K, used 256034K [0x00000000e0000000, 0x00000000f5000000, 0x0000000100000000)
  eden space 228352K, 100% used [0x00000000e0000000,0x00000000edf00000,0x00000000edf00000)
  from space 31744K, 87% used [0x00000000edf00000,0x00000000efa08b88,0x00000000efe00000)
  to   space 35328K, 0% used [0x00000000f2d80000,0x00000000f2d80000,0x00000000f5000000)
 ParOldGen       total 107520K, used 44739K [0x00000000a0000000, 0x00000000a6900000, 0x00000000e0000000)
  object space 107520K, 41% used [0x00000000a0000000,0x00000000a2bb0f58,0x00000000a6900000)
 Metaspace       used 79101K, capacity 82764K, committed 82904K, reserved 1120256K
  class space    used 10327K, capacity 11167K, committed 11224K, reserved 1048576K
Event: 222.983 GC heap after
Heap after GC invocations=21 (full 3):
 PSYoungGen      total 308224K, used 21520K [0x00000000e0000000, 0x00000000f5200000, 0x0000000100000000)
  eden space 272896K, 0% used [0x00000000e0000000,0x00000000e0000000,0x00000000f0a80000)
  from space 35328K, 60% used [0x00000000f2d80000,0x00000000f4284100,0x00000000f5000000)
  to   space 35840K, 0% used [0x00000000f0a80000,0x00000000f0a80000,0x00000000f2d80000)
 ParOldGen       total 107520K, used 44747K [0x00000000a0000000, 0x00000000a6900000, 0x00000000e0000000)
  object space 107520K, 41% used [0x00000000a0000000,0x00000000a2bb2f58,0x00000000a6900000)
 Metaspace       used 79101K, capacity 82764K, committed 82904K, reserved 1120256K
  class space    used 10327K, capacity 11167K, committed 11224K, reserved 1048576K
}
Event: 224.639 GC heap before
{Heap before GC invocations=22 (full 3):
 PSYoungGen      total 308224K, used 294416K [0x00000000e0000000, 0x00000000f5200000, 0x0000000100000000)
  eden space 272896K, 100% used [0x00000000e0000000,0x00000000f0a80000,0x00000000f0a80000)
  from space 35328K, 60% used [0x00000000f2d80000,0x00000000f4284100,0x00000000f5000000)
  to   space 35840K, 0% used [0x00000000f0a80000,0x00000000f0a80000,0x00000000f2d80000)
 ParOldGen       total 107520K, used 44747K [0x00000000a0000000, 0x00000000a6900000, 0x00000000e0000000)
  object space 107520K, 41% used [0x00000000a0000000,0x00000000a2bb2f58,0x00000000a6900000)
 Metaspace       used 79327K, capacity 83000K, committed 83160K, reserved 1122304K
  class space    used 10327K, capacity 11167K, committed 11224K, reserved 1048576K
Event: 224.682 GC heap after
Heap after GC invocations=22 (full 3):
 PSYoungGen      total 308736K, used 19977K [0x00000000e0000000, 0x00000000f8580000, 0x0000000100000000)
  eden space 272896K, 0% used [0x00000000e0000000,0x00000000e0000000,0x00000000f0a80000)
  from space 35840K, 55% used [0x00000000f0a80000,0x00000000f1e02778,0x00000000f2d80000)
  to   space 35328K, 0% used [0x00000000f6300000,0x00000000f6300000,0x00000000f8580000)
 ParOldGen       total 107520K, used 46196K [0x00000000a0000000, 0x00000000a6900000, 0x00000000e0000000)
  object space 107520K, 42% used [0x00000000a0000000,0x00000000a2d1d038,0x00000000a6900000)
 Metaspace       used 79327K, capacity 83000K, committed 83160K, reserved 1122304K
  class space    used 10327K, capacity 11167K, committed 11224K, reserved 1048576K
}
Event: 225.923 GC heap before
{Heap before GC invocations=23 (full 3):
 PSYoungGen      total 308736K, used 292873K [0x00000000e0000000, 0x00000000f8580000, 0x0000000100000000)
  eden space 272896K, 100% used [0x00000000e0000000,0x00000000f0a80000,0x00000000f0a80000)
  from space 35840K, 55% used [0x00000000f0a80000,0x00000000f1e02778,0x00000000f2d80000)
  to   space 35328K, 0% used [0x00000000f6300000,0x00000000f6300000,0x00000000f8580000)
 ParOldGen       total 107520K, used 46196K [0x00000000a0000000, 0x00000000a6900000, 0x00000000e0000000)
  object space 107520K, 42% used [0x00000000a0000000,0x00000000a2d1d038,0x00000000a6900000)
 Metaspace       used 79418K, capacity 83076K, committed 83160K, reserved 1122304K
  class space    used 10328K, capacity 11167K, committed 11224K, reserved 1048576K
Event: 225.958 GC heap after
Heap after GC invocations=23 (full 3):
 PSYoungGen      total 361472K, used 13385K [0x00000000e0000000, 0x00000000f8300000, 0x0000000100000000)
  eden space 328704K, 0% used [0x00000000e0000000,0x00000000e0000000,0x00000000f4100000)
  from space 32768K, 40% used [0x00000000f6300000,0x00000000f70124b0,0x00000000f8300000)
  to   space 33792K, 0% used [0x00000000f4100000,0x00000000f4100000,0x00000000f6200000)
 ParOldGen       total 107520K, used 51258K [0x00000000a0000000, 0x00000000a6900000, 0x00000000e0000000)
  object space 107520K, 47% used [0x00000000a0000000,0x00000000a320eb58,0x00000000a6900000)
 Metaspace       used 79418K, capacity 83076K, committed 83160K, reserved 1122304K
  class space    used 10328K, capacity 11167K, committed 11224K, reserved 1048576K
}
Event: 227.651 GC heap before
{Heap before GC invocations=24 (full 3):
 PSYoungGen      total 361472K, used 342089K [0x00000000e0000000, 0x00000000f8300000, 0x0000000100000000)
  eden space 328704K, 100% used [0x00000000e0000000,0x00000000f4100000,0x00000000f4100000)
  from space 32768K, 40% used [0x00000000f6300000,0x00000000f70124b0,0x00000000f8300000)
  to   space 33792K, 0% used [0x00000000f4100000,0x00000000f4100000,0x00000000f6200000)
 ParOldGen       total 107520K, used 51258K [0x00000000a0000000, 0x00000000a6900000, 0x00000000e0000000)
  object space 107520K, 47% used [0x00000000a0000000,0x00000000a320eb58,0x00000000a6900000)
 Metaspace       used 79512K, capacity 83156K, committed 83416K, reserved 1122304K
  class space    used 10328K, capacity 11167K, committed 11224K, reserved 1048576K

